2020-01-07 09:47:12,492 ERROR 1415 [-/127.0.0.1/-/0ms GET /] nodejs.ECONNREFUSEDError: connect ECONNREFUSED 127.0.0.1:6379
    at TCPConnectWrap.afterConnect [as oncomplete] (net.js:1113:14)

errno: "ECONNREFUSED"
code: "ECONNREFUSED"
syscall: "connect"
address: "127.0.0.1"
port: 6379
name: "ECONNREFUSEDError"
pid: 1415
hostname: lcss-MacBook-Pro.local

2020-01-08 11:12:33,013 ERROR 6890 [-/127.0.0.1/-/1ms GET /] nodejs.ReferenceError: /Users/licaishi/Desktop/github/egg-cnode/app/view/index.html:6
    4|   <div class="panel">
    5|     <div class="header">
 >> 6|       <% labels.forEach(function (item) {
    7|         var value = item[0];
    8|         var text = item[1]; %>
    9|         

labels is not defined
    4|   <div class="panel">
    5|     <div class="header">
 >> 6|       <% labels.forEach(function (item) {
    7|         var value = item[0];
    8|         var text = item[1]; %>
    9|         

labels is not defined
    at eval (/Users/licaishi/Desktop/github/egg-cnode/app/view/index.html:121:8)
    at index (/Users/licaishi/Desktop/github/egg-cnode/node_modules/ejs/lib/ejs.js:682:17)
    at tryHandleCache (/Users/licaishi/Desktop/github/egg-cnode/node_modules/ejs/lib/ejs.js:254:36)
    at Object.exports.renderFile (/Users/licaishi/Desktop/github/egg-cnode/node_modules/ejs/lib/ejs.js:485:10)
    at Promise (/Users/licaishi/Desktop/github/egg-cnode/node_modules/egg-view-ejs/lib/view.js:16:11)
    at new Promise (<anonymous>:null:null)
    at EjsView.[EjsView#_render] (/Users/licaishi/Desktop/github/egg-cnode/node_modules/egg-view-ejs/lib/view.js:15:12)
    at EjsView.render (/Users/licaishi/Desktop/github/egg-cnode/node_modules/egg-view-ejs/lib/view.js:28:36)
    at ContextView.[contextView#render] (/Users/licaishi/Desktop/github/egg-cnode/node_modules/egg-view/lib/context_view.js:70:23)

path: "/Users/licaishi/Desktop/github/egg-cnode/app/view/index.html"
pid: 6890
hostname: lcss-MacBook-Pro.local

2020-01-08 11:13:11,960 ERROR 6890 [-/127.0.0.1/-/0ms GET /] nodejs.ReferenceError: /Users/licaishi/Desktop/github/egg-cnode/app/view/index.html:6
    4|   <div class="panel">
    5|     <div class="header">
 >> 6|       <% labels.forEach(function (item) {
    7|         var value = item[0];
    8|         var text = item[1]; %>
    9|         

labels is not defined
    4|   <div class="panel">
    5|     <div class="header">
 >> 6|       <% labels.forEach(function (item) {
    7|         var value = item[0];
    8|         var text = item[1]; %>
    9|         

labels is not defined
    at eval (/Users/licaishi/Desktop/github/egg-cnode/app/view/index.html:121:8)
    at index (/Users/licaishi/Desktop/github/egg-cnode/node_modules/ejs/lib/ejs.js:682:17)
    at tryHandleCache (/Users/licaishi/Desktop/github/egg-cnode/node_modules/ejs/lib/ejs.js:254:36)
    at Object.exports.renderFile (/Users/licaishi/Desktop/github/egg-cnode/node_modules/ejs/lib/ejs.js:485:10)
    at Promise (/Users/licaishi/Desktop/github/egg-cnode/node_modules/egg-view-ejs/lib/view.js:16:11)
    at new Promise (<anonymous>:null:null)
    at EjsView.[EjsView#_render] (/Users/licaishi/Desktop/github/egg-cnode/node_modules/egg-view-ejs/lib/view.js:15:12)
    at EjsView.render (/Users/licaishi/Desktop/github/egg-cnode/node_modules/egg-view-ejs/lib/view.js:28:36)
    at ContextView.[contextView#render] (/Users/licaishi/Desktop/github/egg-cnode/node_modules/egg-view/lib/context_view.js:70:23)

path: "/Users/licaishi/Desktop/github/egg-cnode/app/view/index.html"
pid: 6890
hostname: lcss-MacBook-Pro.local

2020-01-08 13:46:46,214 ERROR 8912 [-/127.0.0.1/-/0ms GET /] nodejs.TypeError: /Users/licaishi/Desktop/github/egg-cnode/app/view/index.html:6
    4|   <div class="panel">
    5|     <div class="header">
 >> 6|       <% labels.forEach(function (item) {
    7|         var value = item[0];
    8|         var text = item[1]; %>
    9|         

labels.forEach is not a function
    4|   <div class="panel">
    5|     <div class="header">
 >> 6|       <% labels.forEach(function (item) {
    7|         var value = item[0];
    8|         var text = item[1]; %>
    9|         

labels.forEach is not a function
    at eval (/Users/licaishi/Desktop/github/egg-cnode/app/view/index.html:121:15)
    at index (/Users/licaishi/Desktop/github/egg-cnode/node_modules/ejs/lib/ejs.js:682:17)
    at tryHandleCache (/Users/licaishi/Desktop/github/egg-cnode/node_modules/ejs/lib/ejs.js:254:36)
    at Object.exports.renderFile (/Users/licaishi/Desktop/github/egg-cnode/node_modules/ejs/lib/ejs.js:485:10)
    at Promise (/Users/licaishi/Desktop/github/egg-cnode/node_modules/egg-view-ejs/lib/view.js:16:11)
    at new Promise (<anonymous>:null:null)
    at EjsView.[EjsView#_render] (/Users/licaishi/Desktop/github/egg-cnode/node_modules/egg-view-ejs/lib/view.js:15:12)
    at EjsView.render (/Users/licaishi/Desktop/github/egg-cnode/node_modules/egg-view-ejs/lib/view.js:28:36)
    at ContextView.[contextView#render] (/Users/licaishi/Desktop/github/egg-cnode/node_modules/egg-view/lib/context_view.js:70:23)

path: "/Users/licaishi/Desktop/github/egg-cnode/app/view/index.html"
pid: 8912
hostname: lcss-MacBook-Pro.local

2020-01-08 14:46:32,805 ERROR 12339 [-/127.0.0.1/-/0ms GET /] nodejs.TypeError: Cannot read property 'name' of undefined
    at Helper.exports.tabName (/Users/licaishi/Desktop/github/egg-cnode/app/extend/helper.js:84:38)
    at HomeController.index (/Users/licaishi/Desktop/github/egg-cnode/app/controller/site.js:181:37)
    at process._tickCallback (internal/process/next_tick.js:68:7)


pid: 12339
hostname: lcss-MacBook-Pro.local

2020-01-08 14:49:27,303 ERROR 12431 [-/127.0.0.1/-/1ms GET /] nodejs.TypeError: Cannot read property 'name' of undefined
    at Helper.exports.tabName (/Users/licaishi/Desktop/github/egg-cnode/app/extend/helper.js:86:43)
    at HomeController.index (/Users/licaishi/Desktop/github/egg-cnode/app/controller/site.js:181:37)
    at process._tickCallback (internal/process/next_tick.js:68:7)


pid: 12431
hostname: lcss-MacBook-Pro.local

2020-01-08 15:11:01,115 ERROR 12431 [-/127.0.0.1/-/0ms GET /] nodejs.TypeError: Cannot read property 'name' of undefined
    at Helper.exports.tabName (/Users/licaishi/Desktop/github/egg-cnode/app/extend/helper.js:86:43)
    at HomeController.index (/Users/licaishi/Desktop/github/egg-cnode/app/controller/site.js:181:37)
    at process._tickCallback (internal/process/next_tick.js:68:7)


pid: 12431
hostname: lcss-MacBook-Pro.local

2020-01-08 16:19:59,471 ERROR 13570 [-/127.0.0.1/-/1ms GET /] nodejs.TypeError: Cannot read property 'name' of undefined
    at Helper.exports.tabName (/Users/licaishi/Desktop/github/egg-cnode/app/extend/helper.js:86:43)
    at HomeController.index (/Users/licaishi/Desktop/github/egg-cnode/app/controller/site.js:181:37)
    at process._tickCallback (internal/process/next_tick.js:68:7)


pid: 13570
hostname: lcss-MacBook-Pro.local

2020-01-08 18:29:00,864 ERROR 15996 [-/127.0.0.1/-/0ms GET /] nodejs.TypeError: /Users/licaishi/Desktop/github/egg-cnode/app/view/layout.html:80
    78|       </a>
    79|          <ul id="main-nav-menu" class="fe-header-nav">
 >> 80|             <% if((typeof(tab) == 'undefined')){ tab=null }
    81|             tabs.forEach(function (pair) { 
    82|               var value = pair.tab; 
    83|               var text = pair.name; %>

tabs.forEach is not a function
    78|       </a>
    79|          <ul id="main-nav-menu" class="fe-header-nav">
 >> 80|             <% if((typeof(tab) == 'undefined')){ tab=null }
    81|             tabs.forEach(function (pair) { 
    82|               var value = pair.tab; 
    83|               var text = pair.name; %>

tabs.forEach is not a function
    at eval (/Users/licaishi/Desktop/github/egg-cnode/app/view/layout.html:116:18)
    at layout (/Users/licaishi/Desktop/github/egg-cnode/node_modules/ejs/lib/ejs.js:682:17)
    at tryHandleCache (/Users/licaishi/Desktop/github/egg-cnode/node_modules/ejs/lib/ejs.js:254:36)
    at Object.exports.renderFile (/Users/licaishi/Desktop/github/egg-cnode/node_modules/ejs/lib/ejs.js:485:10)
    at Promise (/Users/licaishi/Desktop/github/egg-cnode/node_modules/egg-view-ejs/lib/view.js:16:11)
    at new Promise (<anonymous>:null:null)
    at EjsView.[EjsView#_render] (/Users/licaishi/Desktop/github/egg-cnode/node_modules/egg-view-ejs/lib/view.js:15:12)
    at EjsView.render (/Users/licaishi/Desktop/github/egg-cnode/node_modules/egg-view-ejs/lib/view.js:35:24)

path: "/Users/licaishi/Desktop/github/egg-cnode/app/view/layout.html"
pid: 15996
hostname: lcss-MacBook-Pro.local

2020-01-09 11:43:15,889 ERROR 3851 [-/127.0.0.1/-/0ms GET /] nodejs.ReferenceError: /Users/licaishi/Desktop/github/egg-cnode/app/view/layout.html:85
    83|             %>
    84| 
 >> 85|           <li class="fe-header-nav-item <%= value === tab ? 'current' : '' %>">
    86|             <a href="/<%= value ==='index'?'':value %>" class="nav-link" href="/">
    87|               <%= text %>
    88|             </a>

value is not defined
    83|             %>
    84| 
 >> 85|           <li class="fe-header-nav-item <%= value === tab ? 'current' : '' %>">
    86|             <a href="/<%= value ==='index'?'':value %>" class="nav-link" href="/">
    87|               <%= text %>
    88|             </a>

value is not defined
    at eval (/Users/licaishi/Desktop/github/egg-cnode/app/view/layout.html:122:26)
    at Array.forEach (<anonymous>:null:null)
    at eval (/Users/licaishi/Desktop/github/egg-cnode/app/view/layout.html:116:31)
    at layout (/Users/licaishi/Desktop/github/egg-cnode/node_modules/ejs/lib/ejs.js:682:17)
    at tryHandleCache (/Users/licaishi/Desktop/github/egg-cnode/node_modules/ejs/lib/ejs.js:254:36)
    at Object.exports.renderFile (/Users/licaishi/Desktop/github/egg-cnode/node_modules/ejs/lib/ejs.js:485:10)
    at Promise (/Users/licaishi/Desktop/github/egg-cnode/node_modules/egg-view-ejs/lib/view.js:16:11)
    at new Promise (<anonymous>:null:null)
    at EjsView.[EjsView#_render] (/Users/licaishi/Desktop/github/egg-cnode/node_modules/egg-view-ejs/lib/view.js:15:12)
    at EjsView.render (/Users/licaishi/Desktop/github/egg-cnode/node_modules/egg-view-ejs/lib/view.js:35:24)

path: "/Users/licaishi/Desktop/github/egg-cnode/app/view/layout.html"
pid: 3851
hostname: lcss-MacBook-Pro.local

2020-01-09 13:09:01,946 ERROR 4145 [-/127.0.0.1/-/0ms GET /] nodejs.TypeError: Cannot read property 'name' of undefined
    at Helper.exports.tabName (/Users/licaishi/Desktop/github/egg-cnode/app/extend/helper.js:86:43)
    at HomeController.index (/Users/licaishi/Desktop/github/egg-cnode/app/controller/site.js:181:37)
    at process._tickCallback (internal/process/next_tick.js:68:7)


pid: 4145
hostname: lcss-MacBook-Pro.local

2020-01-09 13:51:30,658 ERROR 5199 [-/127.0.0.1/-/0ms GET /] nodejs.SyntaxError: Invalid or unexpected token in /Users/licaishi/Desktop/github/egg-cnode/app/view/layout.html while compiling ejs

If the above error is not helpful, you may want to try EJS-Lint:
https://github.com/RyanZim/EJS-Lint
Or, if you meant to create an async function, pass `async: true` as an option.

If the above error is not helpful, you may want to try EJS-Lint:
https://github.com/RyanZim/EJS-Lint
Or, if you meant to create an async function, pass `async: true` as an option.
    at new Function (<anonymous>:null:null)
    at Template.compile (/Users/licaishi/Desktop/github/egg-cnode/node_modules/ejs/lib/ejs.js:652:12)
    at Object.compile (/Users/licaishi/Desktop/github/egg-cnode/node_modules/ejs/lib/ejs.js:392:16)
    at handleCache (/Users/licaishi/Desktop/github/egg-cnode/node_modules/ejs/lib/ejs.js:215:18)
    at tryHandleCache (/Users/licaishi/Desktop/github/egg-cnode/node_modules/ejs/lib/ejs.js:254:16)
    at Object.exports.renderFile (/Users/licaishi/Desktop/github/egg-cnode/node_modules/ejs/lib/ejs.js:485:10)
    at Promise (/Users/licaishi/Desktop/github/egg-cnode/node_modules/egg-view-ejs/lib/view.js:16:11)
    at new Promise (<anonymous>:null:null)
    at EjsView.[EjsView#_render] (/Users/licaishi/Desktop/github/egg-cnode/node_modules/egg-view-ejs/lib/view.js:15:12)
    at EjsView.render (/Users/licaishi/Desktop/github/egg-cnode/node_modules/egg-view-ejs/lib/view.js:35:24)


pid: 5199
hostname: lcss-MacBook-Pro.local

2020-01-09 14:34:25,883 ERROR 5199 [-/127.0.0.1/-/0ms GET /] nodejs.SyntaxError: Invalid or unexpected token in /Users/licaishi/Desktop/github/egg-cnode/app/view/layout.html while compiling ejs

If the above error is not helpful, you may want to try EJS-Lint:
https://github.com/RyanZim/EJS-Lint
Or, if you meant to create an async function, pass `async: true` as an option.

If the above error is not helpful, you may want to try EJS-Lint:
https://github.com/RyanZim/EJS-Lint
Or, if you meant to create an async function, pass `async: true` as an option.
    at new Function (<anonymous>:null:null)
    at Template.compile (/Users/licaishi/Desktop/github/egg-cnode/node_modules/ejs/lib/ejs.js:652:12)
    at Object.compile (/Users/licaishi/Desktop/github/egg-cnode/node_modules/ejs/lib/ejs.js:392:16)
    at handleCache (/Users/licaishi/Desktop/github/egg-cnode/node_modules/ejs/lib/ejs.js:215:18)
    at tryHandleCache (/Users/licaishi/Desktop/github/egg-cnode/node_modules/ejs/lib/ejs.js:254:16)
    at Object.exports.renderFile (/Users/licaishi/Desktop/github/egg-cnode/node_modules/ejs/lib/ejs.js:485:10)
    at Promise (/Users/licaishi/Desktop/github/egg-cnode/node_modules/egg-view-ejs/lib/view.js:16:11)
    at new Promise (<anonymous>:null:null)
    at EjsView.[EjsView#_render] (/Users/licaishi/Desktop/github/egg-cnode/node_modules/egg-view-ejs/lib/view.js:15:12)
    at EjsView.render (/Users/licaishi/Desktop/github/egg-cnode/node_modules/egg-view-ejs/lib/view.js:35:24)


pid: 5199
hostname: lcss-MacBook-Pro.local

2020-01-09 15:40:19,595 ERROR 6362 [-/127.0.0.1/-/0ms GET /] nodejs.SyntaxError: Invalid or unexpected token in /Users/licaishi/Desktop/github/egg-cnode/app/view/layout.html while compiling ejs

If the above error is not helpful, you may want to try EJS-Lint:
https://github.com/RyanZim/EJS-Lint
Or, if you meant to create an async function, pass `async: true` as an option.

If the above error is not helpful, you may want to try EJS-Lint:
https://github.com/RyanZim/EJS-Lint
Or, if you meant to create an async function, pass `async: true` as an option.
    at new Function (<anonymous>:null:null)
    at Template.compile (/Users/licaishi/Desktop/github/egg-cnode/node_modules/ejs/lib/ejs.js:652:12)
    at Object.compile (/Users/licaishi/Desktop/github/egg-cnode/node_modules/ejs/lib/ejs.js:392:16)
    at handleCache (/Users/licaishi/Desktop/github/egg-cnode/node_modules/ejs/lib/ejs.js:215:18)
    at tryHandleCache (/Users/licaishi/Desktop/github/egg-cnode/node_modules/ejs/lib/ejs.js:254:16)
    at Object.exports.renderFile (/Users/licaishi/Desktop/github/egg-cnode/node_modules/ejs/lib/ejs.js:485:10)
    at Promise (/Users/licaishi/Desktop/github/egg-cnode/node_modules/egg-view-ejs/lib/view.js:16:11)
    at new Promise (<anonymous>:null:null)
    at EjsView.[EjsView#_render] (/Users/licaishi/Desktop/github/egg-cnode/node_modules/egg-view-ejs/lib/view.js:15:12)
    at EjsView.render (/Users/licaishi/Desktop/github/egg-cnode/node_modules/egg-view-ejs/lib/view.js:35:24)


pid: 6362
hostname: lcss-MacBook-Pro.local

