2020-01-07 09:47:11,033 INFO 1415 [egg-schedule]: register schedule /Users/licaishi/Desktop/github/egg-cnode/node_modules/egg-multipart/app/schedule/clean_tmpdir.js
2020-01-07 09:47:11,033 INFO 1415 [egg-schedule]: register schedule /Users/licaishi/Desktop/github/egg-cnode/node_modules/egg-logrotator/app/schedule/clean_log.js
2020-01-07 09:47:11,033 INFO 1415 [egg-schedule]: register schedule /Users/licaishi/Desktop/github/egg-cnode/node_modules/egg-logrotator/app/schedule/rotate_by_file.js
2020-01-08 10:23:14,027 INFO 5757 [egg-schedule]: register schedule /Users/licaishi/Desktop/github/egg-cnode/node_modules/egg-multipart/app/schedule/clean_tmpdir.js
2020-01-08 10:23:14,027 INFO 5757 [egg-schedule]: register schedule /Users/licaishi/Desktop/github/egg-cnode/node_modules/egg-logrotator/app/schedule/clean_log.js
2020-01-08 10:23:14,027 INFO 5757 [egg-schedule]: register schedule /Users/licaishi/Desktop/github/egg-cnode/node_modules/egg-logrotator/app/schedule/rotate_by_file.js
2020-01-08 10:23:15,594 INFO 5756 [Timer] /Users/licaishi/Desktop/github/egg-cnode/node_modules/egg-multipart/app/schedule/clean_tmpdir.js next time will execute after 65204419ms at 2020-01-09 04:30:00.013
2020-01-08 10:23:15,594 INFO 5756 [Timer] /Users/licaishi/Desktop/github/egg-cnode/node_modules/egg-logrotator/app/schedule/clean_log.js next time will execute after 49004406ms at 2020-01-09 00:00:00.000
2020-01-08 10:23:15,595 INFO 5756 [Timer] /Users/licaishi/Desktop/github/egg-cnode/node_modules/egg-logrotator/app/schedule/rotate_by_file.js next time will execute after 49005406ms at 2020-01-09 00:00:01.001
2020-01-08 11:03:01,235 INFO 6786 [egg-schedule]: register schedule /Users/licaishi/Desktop/github/egg-cnode/node_modules/egg-multipart/app/schedule/clean_tmpdir.js
2020-01-08 11:03:01,235 INFO 6786 [egg-schedule]: register schedule /Users/licaishi/Desktop/github/egg-cnode/node_modules/egg-logrotator/app/schedule/clean_log.js
2020-01-08 11:03:01,235 INFO 6786 [egg-schedule]: register schedule /Users/licaishi/Desktop/github/egg-cnode/node_modules/egg-logrotator/app/schedule/rotate_by_file.js
2020-01-08 11:03:54,379 INFO 6815 [egg-schedule]: register schedule /Users/licaishi/Desktop/github/egg-cnode/node_modules/egg-multipart/app/schedule/clean_tmpdir.js
2020-01-08 11:03:54,379 INFO 6815 [egg-schedule]: register schedule /Users/licaishi/Desktop/github/egg-cnode/node_modules/egg-logrotator/app/schedule/clean_log.js
2020-01-08 11:03:54,379 INFO 6815 [egg-schedule]: register schedule /Users/licaishi/Desktop/github/egg-cnode/node_modules/egg-logrotator/app/schedule/rotate_by_file.js
2020-01-08 11:04:26,115 INFO 6838 [egg-schedule]: register schedule /Users/licaishi/Desktop/github/egg-cnode/node_modules/egg-multipart/app/schedule/clean_tmpdir.js
2020-01-08 11:04:26,115 INFO 6838 [egg-schedule]: register schedule /Users/licaishi/Desktop/github/egg-cnode/node_modules/egg-logrotator/app/schedule/clean_log.js
2020-01-08 11:04:26,115 INFO 6838 [egg-schedule]: register schedule /Users/licaishi/Desktop/github/egg-cnode/node_modules/egg-logrotator/app/schedule/rotate_by_file.js
2020-01-08 11:06:53,650 INFO 6890 [egg-schedule]: register schedule /Users/licaishi/Desktop/github/egg-cnode/node_modules/egg-multipart/app/schedule/clean_tmpdir.js
2020-01-08 11:06:53,650 INFO 6890 [egg-schedule]: register schedule /Users/licaishi/Desktop/github/egg-cnode/node_modules/egg-logrotator/app/schedule/clean_log.js
2020-01-08 11:06:53,650 INFO 6890 [egg-schedule]: register schedule /Users/licaishi/Desktop/github/egg-cnode/node_modules/egg-logrotator/app/schedule/rotate_by_file.js
2020-01-08 11:18:40,530 INFO 7046 [egg-schedule]: register schedule /Users/licaishi/Desktop/github/egg-cnode/node_modules/egg-multipart/app/schedule/clean_tmpdir.js
2020-01-08 11:18:40,530 INFO 7046 [egg-schedule]: register schedule /Users/licaishi/Desktop/github/egg-cnode/node_modules/egg-logrotator/app/schedule/clean_log.js
2020-01-08 11:18:40,530 INFO 7046 [egg-schedule]: register schedule /Users/licaishi/Desktop/github/egg-cnode/node_modules/egg-logrotator/app/schedule/rotate_by_file.js
2020-01-08 11:25:04,357 INFO 7112 [egg-schedule]: register schedule /Users/licaishi/Desktop/github/egg-cnode/node_modules/egg-multipart/app/schedule/clean_tmpdir.js
2020-01-08 11:25:04,357 INFO 7112 [egg-schedule]: register schedule /Users/licaishi/Desktop/github/egg-cnode/node_modules/egg-logrotator/app/schedule/clean_log.js
2020-01-08 11:25:04,357 INFO 7112 [egg-schedule]: register schedule /Users/licaishi/Desktop/github/egg-cnode/node_modules/egg-logrotator/app/schedule/rotate_by_file.js
2020-01-08 11:25:39,566 INFO 7133 [egg-schedule]: register schedule /Users/licaishi/Desktop/github/egg-cnode/node_modules/egg-multipart/app/schedule/clean_tmpdir.js
2020-01-08 11:25:39,566 INFO 7133 [egg-schedule]: register schedule /Users/licaishi/Desktop/github/egg-cnode/node_modules/egg-logrotator/app/schedule/clean_log.js
2020-01-08 11:25:39,566 INFO 7133 [egg-schedule]: register schedule /Users/licaishi/Desktop/github/egg-cnode/node_modules/egg-logrotator/app/schedule/rotate_by_file.js
2020-01-08 11:26:05,473 INFO 7153 [egg-schedule]: register schedule /Users/licaishi/Desktop/github/egg-cnode/node_modules/egg-multipart/app/schedule/clean_tmpdir.js
2020-01-08 11:26:05,473 INFO 7153 [egg-schedule]: register schedule /Users/licaishi/Desktop/github/egg-cnode/node_modules/egg-logrotator/app/schedule/clean_log.js
2020-01-08 11:26:05,473 INFO 7153 [egg-schedule]: register schedule /Users/licaishi/Desktop/github/egg-cnode/node_modules/egg-logrotator/app/schedule/rotate_by_file.js
2020-01-08 11:26:17,263 INFO 7180 [egg-schedule]: register schedule /Users/licaishi/Desktop/github/egg-cnode/node_modules/egg-multipart/app/schedule/clean_tmpdir.js
2020-01-08 11:26:17,264 INFO 7180 [egg-schedule]: register schedule /Users/licaishi/Desktop/github/egg-cnode/node_modules/egg-logrotator/app/schedule/clean_log.js
2020-01-08 11:26:17,264 INFO 7180 [egg-schedule]: register schedule /Users/licaishi/Desktop/github/egg-cnode/node_modules/egg-logrotator/app/schedule/rotate_by_file.js
2020-01-08 11:32:30,071 INFO 7240 [egg-schedule]: register schedule /Users/licaishi/Desktop/github/egg-cnode/node_modules/egg-multipart/app/schedule/clean_tmpdir.js
2020-01-08 11:32:30,071 INFO 7240 [egg-schedule]: register schedule /Users/licaishi/Desktop/github/egg-cnode/node_modules/egg-logrotator/app/schedule/clean_log.js
2020-01-08 11:32:30,071 INFO 7240 [egg-schedule]: register schedule /Users/licaishi/Desktop/github/egg-cnode/node_modules/egg-logrotator/app/schedule/rotate_by_file.js
2020-01-08 11:32:52,530 INFO 7259 [egg-schedule]: register schedule /Users/licaishi/Desktop/github/egg-cnode/node_modules/egg-multipart/app/schedule/clean_tmpdir.js
2020-01-08 11:32:52,530 INFO 7259 [egg-schedule]: register schedule /Users/licaishi/Desktop/github/egg-cnode/node_modules/egg-logrotator/app/schedule/clean_log.js
2020-01-08 11:32:52,530 INFO 7259 [egg-schedule]: register schedule /Users/licaishi/Desktop/github/egg-cnode/node_modules/egg-logrotator/app/schedule/rotate_by_file.js
2020-01-08 11:34:26,574 INFO 7286 [egg-schedule]: register schedule /Users/licaishi/Desktop/github/egg-cnode/node_modules/egg-multipart/app/schedule/clean_tmpdir.js
2020-01-08 11:34:26,574 INFO 7286 [egg-schedule]: register schedule /Users/licaishi/Desktop/github/egg-cnode/node_modules/egg-logrotator/app/schedule/clean_log.js
2020-01-08 11:34:26,574 INFO 7286 [egg-schedule]: register schedule /Users/licaishi/Desktop/github/egg-cnode/node_modules/egg-logrotator/app/schedule/rotate_by_file.js
2020-01-08 11:42:15,723 INFO 7372 [egg-schedule]: register schedule /Users/licaishi/Desktop/github/egg-cnode/node_modules/egg-multipart/app/schedule/clean_tmpdir.js
2020-01-08 11:42:15,723 INFO 7372 [egg-schedule]: register schedule /Users/licaishi/Desktop/github/egg-cnode/node_modules/egg-logrotator/app/schedule/clean_log.js
2020-01-08 11:42:15,723 INFO 7372 [egg-schedule]: register schedule /Users/licaishi/Desktop/github/egg-cnode/node_modules/egg-logrotator/app/schedule/rotate_by_file.js
2020-01-08 11:49:43,856 INFO 7460 [egg-schedule]: register schedule /Users/licaishi/Desktop/github/egg-cnode/node_modules/egg-multipart/app/schedule/clean_tmpdir.js
2020-01-08 11:49:43,856 INFO 7460 [egg-schedule]: register schedule /Users/licaishi/Desktop/github/egg-cnode/node_modules/egg-logrotator/app/schedule/clean_log.js
2020-01-08 11:49:43,856 INFO 7460 [egg-schedule]: register schedule /Users/licaishi/Desktop/github/egg-cnode/node_modules/egg-logrotator/app/schedule/rotate_by_file.js
2020-01-08 11:50:09,079 INFO 7480 [egg-schedule]: register schedule /Users/licaishi/Desktop/github/egg-cnode/node_modules/egg-multipart/app/schedule/clean_tmpdir.js
2020-01-08 11:50:09,079 INFO 7480 [egg-schedule]: register schedule /Users/licaishi/Desktop/github/egg-cnode/node_modules/egg-logrotator/app/schedule/clean_log.js
2020-01-08 11:50:09,079 INFO 7480 [egg-schedule]: register schedule /Users/licaishi/Desktop/github/egg-cnode/node_modules/egg-logrotator/app/schedule/rotate_by_file.js
2020-01-08 11:50:15,213 INFO 7489 [egg-schedule]: register schedule /Users/licaishi/Desktop/github/egg-cnode/node_modules/egg-multipart/app/schedule/clean_tmpdir.js
2020-01-08 11:50:15,214 INFO 7489 [egg-schedule]: register schedule /Users/licaishi/Desktop/github/egg-cnode/node_modules/egg-logrotator/app/schedule/clean_log.js
2020-01-08 11:50:15,214 INFO 7489 [egg-schedule]: register schedule /Users/licaishi/Desktop/github/egg-cnode/node_modules/egg-logrotator/app/schedule/rotate_by_file.js
2020-01-08 13:46:41,845 INFO 8912 [egg-schedule]: register schedule /Users/licaishi/Desktop/github/egg-cnode/node_modules/egg-multipart/app/schedule/clean_tmpdir.js
2020-01-08 13:46:41,845 INFO 8912 [egg-schedule]: register schedule /Users/licaishi/Desktop/github/egg-cnode/node_modules/egg-logrotator/app/schedule/clean_log.js
2020-01-08 13:46:41,845 INFO 8912 [egg-schedule]: register schedule /Users/licaishi/Desktop/github/egg-cnode/node_modules/egg-logrotator/app/schedule/rotate_by_file.js
2020-01-08 13:46:43,188 INFO 8908 [Timer] /Users/licaishi/Desktop/github/egg-cnode/node_modules/egg-multipart/app/schedule/clean_tmpdir.js next time will execute after 52996817ms at 2020-01-09 04:30:00.005
2020-01-08 13:46:43,189 INFO 8908 [Timer] /Users/licaishi/Desktop/github/egg-cnode/node_modules/egg-logrotator/app/schedule/clean_log.js next time will execute after 36796812ms at 2020-01-09 00:00:00.001
2020-01-08 13:46:43,190 INFO 8908 [Timer] /Users/licaishi/Desktop/github/egg-cnode/node_modules/egg-logrotator/app/schedule/rotate_by_file.js next time will execute after 36797811ms at 2020-01-09 00:00:01.000
2020-01-08 13:48:16,842 INFO 8964 [egg-schedule]: register schedule /Users/licaishi/Desktop/github/egg-cnode/node_modules/egg-multipart/app/schedule/clean_tmpdir.js
2020-01-08 13:48:16,843 INFO 8964 [egg-schedule]: register schedule /Users/licaishi/Desktop/github/egg-cnode/node_modules/egg-logrotator/app/schedule/clean_log.js
2020-01-08 13:48:16,843 INFO 8964 [egg-schedule]: register schedule /Users/licaishi/Desktop/github/egg-cnode/node_modules/egg-logrotator/app/schedule/rotate_by_file.js
2020-01-08 13:50:53,994 INFO 8998 [egg-schedule]: register schedule /Users/licaishi/Desktop/github/egg-cnode/node_modules/egg-multipart/app/schedule/clean_tmpdir.js
2020-01-08 13:50:53,994 INFO 8998 [egg-schedule]: register schedule /Users/licaishi/Desktop/github/egg-cnode/node_modules/egg-logrotator/app/schedule/clean_log.js
2020-01-08 13:50:53,994 INFO 8998 [egg-schedule]: register schedule /Users/licaishi/Desktop/github/egg-cnode/node_modules/egg-logrotator/app/schedule/rotate_by_file.js
2020-01-08 13:50:56,236 INFO 9007 [egg-schedule]: register schedule /Users/licaishi/Desktop/github/egg-cnode/node_modules/egg-multipart/app/schedule/clean_tmpdir.js
2020-01-08 13:50:56,237 INFO 9007 [egg-schedule]: register schedule /Users/licaishi/Desktop/github/egg-cnode/node_modules/egg-logrotator/app/schedule/clean_log.js
2020-01-08 13:50:56,237 INFO 9007 [egg-schedule]: register schedule /Users/licaishi/Desktop/github/egg-cnode/node_modules/egg-logrotator/app/schedule/rotate_by_file.js
2020-01-08 13:51:17,286 INFO 9025 [egg-schedule]: register schedule /Users/licaishi/Desktop/github/egg-cnode/node_modules/egg-multipart/app/schedule/clean_tmpdir.js
2020-01-08 13:51:17,286 INFO 9025 [egg-schedule]: register schedule /Users/licaishi/Desktop/github/egg-cnode/node_modules/egg-logrotator/app/schedule/clean_log.js
2020-01-08 13:51:17,286 INFO 9025 [egg-schedule]: register schedule /Users/licaishi/Desktop/github/egg-cnode/node_modules/egg-logrotator/app/schedule/rotate_by_file.js
2020-01-08 13:52:11,428 INFO 9048 [egg-schedule]: register schedule /Users/licaishi/Desktop/github/egg-cnode/node_modules/egg-multipart/app/schedule/clean_tmpdir.js
2020-01-08 13:52:11,428 INFO 9048 [egg-schedule]: register schedule /Users/licaishi/Desktop/github/egg-cnode/node_modules/egg-logrotator/app/schedule/clean_log.js
2020-01-08 13:52:11,428 INFO 9048 [egg-schedule]: register schedule /Users/licaishi/Desktop/github/egg-cnode/node_modules/egg-logrotator/app/schedule/rotate_by_file.js
2020-01-08 13:52:13,500 INFO 9057 [egg-schedule]: register schedule /Users/licaishi/Desktop/github/egg-cnode/node_modules/egg-multipart/app/schedule/clean_tmpdir.js
2020-01-08 13:52:13,500 INFO 9057 [egg-schedule]: register schedule /Users/licaishi/Desktop/github/egg-cnode/node_modules/egg-logrotator/app/schedule/clean_log.js
2020-01-08 13:52:13,500 INFO 9057 [egg-schedule]: register schedule /Users/licaishi/Desktop/github/egg-cnode/node_modules/egg-logrotator/app/schedule/rotate_by_file.js
2020-01-08 14:43:38,962 INFO 12189 [egg-schedule]: register schedule /Users/licaishi/Desktop/github/egg-cnode/node_modules/egg-multipart/app/schedule/clean_tmpdir.js
2020-01-08 14:43:38,962 INFO 12189 [egg-schedule]: register schedule /Users/licaishi/Desktop/github/egg-cnode/node_modules/egg-logrotator/app/schedule/clean_log.js
2020-01-08 14:43:38,962 INFO 12189 [egg-schedule]: register schedule /Users/licaishi/Desktop/github/egg-cnode/node_modules/egg-logrotator/app/schedule/rotate_by_file.js
2020-01-08 14:43:40,375 INFO 12188 [Timer] /Users/licaishi/Desktop/github/egg-cnode/node_modules/egg-multipart/app/schedule/clean_tmpdir.js next time will execute after 49579628ms at 2020-01-09 04:30:00.003
2020-01-08 14:43:40,376 INFO 12188 [Timer] /Users/licaishi/Desktop/github/egg-cnode/node_modules/egg-logrotator/app/schedule/clean_log.js next time will execute after 33379624ms at 2020-01-09 00:00:00.000
2020-01-08 14:43:40,377 INFO 12188 [Timer] /Users/licaishi/Desktop/github/egg-cnode/node_modules/egg-logrotator/app/schedule/rotate_by_file.js next time will execute after 33380624ms at 2020-01-09 00:00:01.001
2020-01-08 14:44:20,757 INFO 12218 [egg-schedule]: register schedule /Users/licaishi/Desktop/github/egg-cnode/node_modules/egg-multipart/app/schedule/clean_tmpdir.js
2020-01-08 14:44:20,757 INFO 12218 [egg-schedule]: register schedule /Users/licaishi/Desktop/github/egg-cnode/node_modules/egg-logrotator/app/schedule/clean_log.js
2020-01-08 14:44:20,757 INFO 12218 [egg-schedule]: register schedule /Users/licaishi/Desktop/github/egg-cnode/node_modules/egg-logrotator/app/schedule/rotate_by_file.js
2020-01-08 14:44:36,615 INFO 12236 [egg-schedule]: register schedule /Users/licaishi/Desktop/github/egg-cnode/node_modules/egg-multipart/app/schedule/clean_tmpdir.js
2020-01-08 14:44:36,615 INFO 12236 [egg-schedule]: register schedule /Users/licaishi/Desktop/github/egg-cnode/node_modules/egg-logrotator/app/schedule/clean_log.js
2020-01-08 14:44:36,615 INFO 12236 [egg-schedule]: register schedule /Users/licaishi/Desktop/github/egg-cnode/node_modules/egg-logrotator/app/schedule/rotate_by_file.js
2020-01-08 14:45:53,919 INFO 12271 [egg-schedule]: register schedule /Users/licaishi/Desktop/github/egg-cnode/node_modules/egg-multipart/app/schedule/clean_tmpdir.js
2020-01-08 14:45:53,919 INFO 12271 [egg-schedule]: register schedule /Users/licaishi/Desktop/github/egg-cnode/node_modules/egg-logrotator/app/schedule/clean_log.js
2020-01-08 14:45:53,919 INFO 12271 [egg-schedule]: register schedule /Users/licaishi/Desktop/github/egg-cnode/node_modules/egg-logrotator/app/schedule/rotate_by_file.js
2020-01-08 14:46:00,974 INFO 12289 [egg-schedule]: register schedule /Users/licaishi/Desktop/github/egg-cnode/node_modules/egg-multipart/app/schedule/clean_tmpdir.js
2020-01-08 14:46:00,975 INFO 12289 [egg-schedule]: register schedule /Users/licaishi/Desktop/github/egg-cnode/node_modules/egg-logrotator/app/schedule/clean_log.js
2020-01-08 14:46:00,975 INFO 12289 [egg-schedule]: register schedule /Users/licaishi/Desktop/github/egg-cnode/node_modules/egg-logrotator/app/schedule/rotate_by_file.js
2020-01-08 14:46:03,015 INFO 12290 [egg-schedule]: register schedule /Users/licaishi/Desktop/github/egg-cnode/node_modules/egg-multipart/app/schedule/clean_tmpdir.js
2020-01-08 14:46:03,015 INFO 12290 [egg-schedule]: register schedule /Users/licaishi/Desktop/github/egg-cnode/node_modules/egg-logrotator/app/schedule/clean_log.js
2020-01-08 14:46:03,015 INFO 12290 [egg-schedule]: register schedule /Users/licaishi/Desktop/github/egg-cnode/node_modules/egg-logrotator/app/schedule/rotate_by_file.js
2020-01-08 14:46:04,675 INFO 12293 [egg-schedule]: register schedule /Users/licaishi/Desktop/github/egg-cnode/node_modules/egg-multipart/app/schedule/clean_tmpdir.js
2020-01-08 14:46:04,675 INFO 12293 [egg-schedule]: register schedule /Users/licaishi/Desktop/github/egg-cnode/node_modules/egg-logrotator/app/schedule/clean_log.js
2020-01-08 14:46:04,675 INFO 12293 [egg-schedule]: register schedule /Users/licaishi/Desktop/github/egg-cnode/node_modules/egg-logrotator/app/schedule/rotate_by_file.js
2020-01-08 14:46:13,337 INFO 12311 [egg-schedule]: register schedule /Users/licaishi/Desktop/github/egg-cnode/node_modules/egg-multipart/app/schedule/clean_tmpdir.js
2020-01-08 14:46:13,337 INFO 12311 [egg-schedule]: register schedule /Users/licaishi/Desktop/github/egg-cnode/node_modules/egg-logrotator/app/schedule/clean_log.js
2020-01-08 14:46:13,337 INFO 12311 [egg-schedule]: register schedule /Users/licaishi/Desktop/github/egg-cnode/node_modules/egg-logrotator/app/schedule/rotate_by_file.js
2020-01-08 14:46:20,754 INFO 12339 [egg-schedule]: register schedule /Users/licaishi/Desktop/github/egg-cnode/node_modules/egg-multipart/app/schedule/clean_tmpdir.js
2020-01-08 14:46:20,754 INFO 12339 [egg-schedule]: register schedule /Users/licaishi/Desktop/github/egg-cnode/node_modules/egg-logrotator/app/schedule/clean_log.js
2020-01-08 14:46:20,754 INFO 12339 [egg-schedule]: register schedule /Users/licaishi/Desktop/github/egg-cnode/node_modules/egg-logrotator/app/schedule/rotate_by_file.js
2020-01-08 14:46:21,719 INFO 12327 [Timer] /Users/licaishi/Desktop/github/egg-cnode/node_modules/egg-multipart/app/schedule/clean_tmpdir.js next time will execute after 49418286ms at 2020-01-09 04:30:00.005
2020-01-08 14:46:21,719 INFO 12327 [Timer] /Users/licaishi/Desktop/github/egg-cnode/node_modules/egg-logrotator/app/schedule/clean_log.js next time will execute after 33218281ms at 2020-01-09 00:00:00.000
2020-01-08 14:46:21,720 INFO 12327 [Timer] /Users/licaishi/Desktop/github/egg-cnode/node_modules/egg-logrotator/app/schedule/rotate_by_file.js next time will execute after 33219281ms at 2020-01-09 00:00:01.001
2020-01-08 14:48:25,843 INFO 12376 [egg-schedule]: register schedule /Users/licaishi/Desktop/github/egg-cnode/node_modules/egg-multipart/app/schedule/clean_tmpdir.js
2020-01-08 14:48:25,843 INFO 12376 [egg-schedule]: register schedule /Users/licaishi/Desktop/github/egg-cnode/node_modules/egg-logrotator/app/schedule/clean_log.js
2020-01-08 14:48:25,843 INFO 12376 [egg-schedule]: register schedule /Users/licaishi/Desktop/github/egg-cnode/node_modules/egg-logrotator/app/schedule/rotate_by_file.js
2020-01-08 14:48:49,541 INFO 12397 [egg-schedule]: register schedule /Users/licaishi/Desktop/github/egg-cnode/node_modules/egg-multipart/app/schedule/clean_tmpdir.js
2020-01-08 14:48:49,541 INFO 12397 [egg-schedule]: register schedule /Users/licaishi/Desktop/github/egg-cnode/node_modules/egg-logrotator/app/schedule/clean_log.js
2020-01-08 14:48:49,541 INFO 12397 [egg-schedule]: register schedule /Users/licaishi/Desktop/github/egg-cnode/node_modules/egg-logrotator/app/schedule/rotate_by_file.js
2020-01-08 14:49:00,697 INFO 12431 [egg-schedule]: register schedule /Users/licaishi/Desktop/github/egg-cnode/node_modules/egg-multipart/app/schedule/clean_tmpdir.js
2020-01-08 14:49:00,697 INFO 12431 [egg-schedule]: register schedule /Users/licaishi/Desktop/github/egg-cnode/node_modules/egg-logrotator/app/schedule/clean_log.js
2020-01-08 14:49:00,697 INFO 12431 [egg-schedule]: register schedule /Users/licaishi/Desktop/github/egg-cnode/node_modules/egg-logrotator/app/schedule/rotate_by_file.js
2020-01-08 14:49:01,519 INFO 12422 [Timer] /Users/licaishi/Desktop/github/egg-cnode/node_modules/egg-multipart/app/schedule/clean_tmpdir.js next time will execute after 49258486ms at 2020-01-09 04:30:00.004
2020-01-08 14:49:01,519 INFO 12422 [Timer] /Users/licaishi/Desktop/github/egg-cnode/node_modules/egg-logrotator/app/schedule/clean_log.js next time will execute after 33058481ms at 2020-01-09 00:00:00.000
2020-01-08 14:49:01,519 INFO 12422 [Timer] /Users/licaishi/Desktop/github/egg-cnode/node_modules/egg-logrotator/app/schedule/rotate_by_file.js next time will execute after 33059481ms at 2020-01-09 00:00:01.000
2020-01-08 16:16:25,112 INFO 13570 [egg-schedule]: register schedule /Users/licaishi/Desktop/github/egg-cnode/node_modules/egg-multipart/app/schedule/clean_tmpdir.js
2020-01-08 16:16:25,112 INFO 13570 [egg-schedule]: register schedule /Users/licaishi/Desktop/github/egg-cnode/node_modules/egg-logrotator/app/schedule/clean_log.js
2020-01-08 16:16:25,112 INFO 13570 [egg-schedule]: register schedule /Users/licaishi/Desktop/github/egg-cnode/node_modules/egg-logrotator/app/schedule/rotate_by_file.js
2020-01-08 16:16:26,655 INFO 13566 [Timer] /Users/licaishi/Desktop/github/egg-cnode/node_modules/egg-multipart/app/schedule/clean_tmpdir.js next time will execute after 44013350ms at 2020-01-09 04:30:00.005
2020-01-08 16:16:26,656 INFO 13566 [Timer] /Users/licaishi/Desktop/github/egg-cnode/node_modules/egg-logrotator/app/schedule/clean_log.js next time will execute after 27813345ms at 2020-01-09 00:00:00.001
2020-01-08 16:16:26,657 INFO 13566 [Timer] /Users/licaishi/Desktop/github/egg-cnode/node_modules/egg-logrotator/app/schedule/rotate_by_file.js next time will execute after 27814344ms at 2020-01-09 00:00:01.001
2020-01-08 16:22:19,785 INFO 13676 [egg-schedule]: register schedule /Users/licaishi/Desktop/github/egg-cnode/node_modules/egg-multipart/app/schedule/clean_tmpdir.js
2020-01-08 16:22:19,785 INFO 13676 [egg-schedule]: register schedule /Users/licaishi/Desktop/github/egg-cnode/node_modules/egg-logrotator/app/schedule/clean_log.js
2020-01-08 16:22:19,785 INFO 13676 [egg-schedule]: register schedule /Users/licaishi/Desktop/github/egg-cnode/node_modules/egg-logrotator/app/schedule/rotate_by_file.js
2020-01-08 16:22:33,341 INFO 13732 [egg-schedule]: register schedule /Users/licaishi/Desktop/github/egg-cnode/node_modules/egg-multipart/app/schedule/clean_tmpdir.js
2020-01-08 16:22:33,341 INFO 13732 [egg-schedule]: register schedule /Users/licaishi/Desktop/github/egg-cnode/node_modules/egg-logrotator/app/schedule/clean_log.js
2020-01-08 16:22:33,341 INFO 13732 [egg-schedule]: register schedule /Users/licaishi/Desktop/github/egg-cnode/node_modules/egg-logrotator/app/schedule/rotate_by_file.js
2020-01-08 16:22:34,423 INFO 13728 [Timer] /Users/licaishi/Desktop/github/egg-cnode/node_modules/egg-multipart/app/schedule/clean_tmpdir.js next time will execute after 43645582ms at 2020-01-09 04:30:00.005
2020-01-08 16:22:34,424 INFO 13728 [Timer] /Users/licaishi/Desktop/github/egg-cnode/node_modules/egg-logrotator/app/schedule/clean_log.js next time will execute after 27445576ms at 2020-01-09 00:00:00.000
2020-01-08 16:22:34,425 INFO 13728 [Timer] /Users/licaishi/Desktop/github/egg-cnode/node_modules/egg-logrotator/app/schedule/rotate_by_file.js next time will execute after 27446576ms at 2020-01-09 00:00:01.001
2020-01-08 17:03:25,290 INFO 14150 [egg-schedule]: register schedule /Users/licaishi/Desktop/github/egg-cnode/node_modules/egg-multipart/app/schedule/clean_tmpdir.js
2020-01-08 17:03:25,291 INFO 14150 [egg-schedule]: register schedule /Users/licaishi/Desktop/github/egg-cnode/node_modules/egg-logrotator/app/schedule/clean_log.js
2020-01-08 17:03:25,291 INFO 14150 [egg-schedule]: register schedule /Users/licaishi/Desktop/github/egg-cnode/node_modules/egg-logrotator/app/schedule/rotate_by_file.js
2020-01-08 17:03:35,615 INFO 14170 [egg-schedule]: register schedule /Users/licaishi/Desktop/github/egg-cnode/node_modules/egg-multipart/app/schedule/clean_tmpdir.js
2020-01-08 17:03:35,615 INFO 14170 [egg-schedule]: register schedule /Users/licaishi/Desktop/github/egg-cnode/node_modules/egg-logrotator/app/schedule/clean_log.js
2020-01-08 17:03:35,615 INFO 14170 [egg-schedule]: register schedule /Users/licaishi/Desktop/github/egg-cnode/node_modules/egg-logrotator/app/schedule/rotate_by_file.js
2020-01-08 18:28:50,862 INFO 15996 [egg-schedule]: register schedule /Users/licaishi/Desktop/github/egg-cnode/node_modules/egg-multipart/app/schedule/clean_tmpdir.js
2020-01-08 18:28:50,862 INFO 15996 [egg-schedule]: register schedule /Users/licaishi/Desktop/github/egg-cnode/node_modules/egg-logrotator/app/schedule/clean_log.js
2020-01-08 18:28:50,862 INFO 15996 [egg-schedule]: register schedule /Users/licaishi/Desktop/github/egg-cnode/node_modules/egg-logrotator/app/schedule/rotate_by_file.js
2020-01-08 18:28:52,294 INFO 15995 [Timer] /Users/licaishi/Desktop/github/egg-cnode/node_modules/egg-multipart/app/schedule/clean_tmpdir.js next time will execute after 36067711ms at 2020-01-09 04:30:00.005
2020-01-08 18:28:52,294 INFO 15995 [Timer] /Users/licaishi/Desktop/github/egg-cnode/node_modules/egg-logrotator/app/schedule/clean_log.js next time will execute after 19867706ms at 2020-01-09 00:00:00.000
2020-01-08 18:28:52,295 INFO 15995 [Timer] /Users/licaishi/Desktop/github/egg-cnode/node_modules/egg-logrotator/app/schedule/rotate_by_file.js next time will execute after 19868706ms at 2020-01-09 00:00:01.001
2020-01-08 18:59:35,170 INFO 16367 [egg-schedule]: register schedule /Users/licaishi/Desktop/github/egg-cnode/node_modules/egg-multipart/app/schedule/clean_tmpdir.js
2020-01-08 18:59:35,170 INFO 16367 [egg-schedule]: register schedule /Users/licaishi/Desktop/github/egg-cnode/node_modules/egg-logrotator/app/schedule/clean_log.js
2020-01-08 18:59:35,170 INFO 16367 [egg-schedule]: register schedule /Users/licaishi/Desktop/github/egg-cnode/node_modules/egg-logrotator/app/schedule/rotate_by_file.js
2020-01-09 11:41:46,308 INFO 3851 [egg-schedule]: register schedule /Users/licaishi/Desktop/github/egg-cnode/node_modules/egg-multipart/app/schedule/clean_tmpdir.js
2020-01-09 11:41:46,308 INFO 3851 [egg-schedule]: register schedule /Users/licaishi/Desktop/github/egg-cnode/node_modules/egg-logrotator/app/schedule/clean_log.js
2020-01-09 11:41:46,308 INFO 3851 [egg-schedule]: register schedule /Users/licaishi/Desktop/github/egg-cnode/node_modules/egg-logrotator/app/schedule/rotate_by_file.js
2020-01-09 11:41:48,018 INFO 3847 [Timer] /Users/licaishi/Desktop/github/egg-cnode/node_modules/egg-multipart/app/schedule/clean_tmpdir.js next time will execute after 60492000ms at 2020-01-10 04:30:00.018
2020-01-09 11:41:48,020 INFO 3847 [Timer] /Users/licaishi/Desktop/github/egg-cnode/node_modules/egg-logrotator/app/schedule/clean_log.js next time will execute after 44291981ms at 2020-01-10 00:00:00.001
2020-01-09 11:41:48,023 INFO 3847 [Timer] /Users/licaishi/Desktop/github/egg-cnode/node_modules/egg-logrotator/app/schedule/rotate_by_file.js next time will execute after 44292979ms at 2020-01-10 00:00:01.002
2020-01-09 11:45:26,923 INFO 3944 [egg-schedule]: register schedule /Users/licaishi/Desktop/github/egg-cnode/node_modules/egg-multipart/app/schedule/clean_tmpdir.js
2020-01-09 11:45:26,923 INFO 3944 [egg-schedule]: register schedule /Users/licaishi/Desktop/github/egg-cnode/node_modules/egg-logrotator/app/schedule/clean_log.js
2020-01-09 11:45:26,923 INFO 3944 [egg-schedule]: register schedule /Users/licaishi/Desktop/github/egg-cnode/node_modules/egg-logrotator/app/schedule/rotate_by_file.js
2020-01-09 11:48:18,360 INFO 4008 [egg-schedule]: register schedule /Users/licaishi/Desktop/github/egg-cnode/node_modules/egg-multipart/app/schedule/clean_tmpdir.js
2020-01-09 11:48:18,360 INFO 4008 [egg-schedule]: register schedule /Users/licaishi/Desktop/github/egg-cnode/node_modules/egg-logrotator/app/schedule/clean_log.js
2020-01-09 11:48:18,360 INFO 4008 [egg-schedule]: register schedule /Users/licaishi/Desktop/github/egg-cnode/node_modules/egg-logrotator/app/schedule/rotate_by_file.js
2020-01-09 11:48:20,534 INFO 4017 [egg-schedule]: register schedule /Users/licaishi/Desktop/github/egg-cnode/node_modules/egg-multipart/app/schedule/clean_tmpdir.js
2020-01-09 11:48:20,534 INFO 4017 [egg-schedule]: register schedule /Users/licaishi/Desktop/github/egg-cnode/node_modules/egg-logrotator/app/schedule/clean_log.js
2020-01-09 11:48:20,534 INFO 4017 [egg-schedule]: register schedule /Users/licaishi/Desktop/github/egg-cnode/node_modules/egg-logrotator/app/schedule/rotate_by_file.js
2020-01-09 11:48:30,951 INFO 4035 [egg-schedule]: register schedule /Users/licaishi/Desktop/github/egg-cnode/node_modules/egg-multipart/app/schedule/clean_tmpdir.js
2020-01-09 11:48:30,951 INFO 4035 [egg-schedule]: register schedule /Users/licaishi/Desktop/github/egg-cnode/node_modules/egg-logrotator/app/schedule/clean_log.js
2020-01-09 11:48:30,951 INFO 4035 [egg-schedule]: register schedule /Users/licaishi/Desktop/github/egg-cnode/node_modules/egg-logrotator/app/schedule/rotate_by_file.js
2020-01-09 11:48:46,912 INFO 4055 [egg-schedule]: register schedule /Users/licaishi/Desktop/github/egg-cnode/node_modules/egg-multipart/app/schedule/clean_tmpdir.js
2020-01-09 11:48:46,912 INFO 4055 [egg-schedule]: register schedule /Users/licaishi/Desktop/github/egg-cnode/node_modules/egg-logrotator/app/schedule/clean_log.js
2020-01-09 11:48:46,912 INFO 4055 [egg-schedule]: register schedule /Users/licaishi/Desktop/github/egg-cnode/node_modules/egg-logrotator/app/schedule/rotate_by_file.js
2020-01-09 11:48:52,576 INFO 4064 [egg-schedule]: register schedule /Users/licaishi/Desktop/github/egg-cnode/node_modules/egg-multipart/app/schedule/clean_tmpdir.js
2020-01-09 11:48:52,576 INFO 4064 [egg-schedule]: register schedule /Users/licaishi/Desktop/github/egg-cnode/node_modules/egg-logrotator/app/schedule/clean_log.js
2020-01-09 11:48:52,576 INFO 4064 [egg-schedule]: register schedule /Users/licaishi/Desktop/github/egg-cnode/node_modules/egg-logrotator/app/schedule/rotate_by_file.js
2020-01-09 11:49:11,668 INFO 4101 [egg-schedule]: register schedule /Users/licaishi/Desktop/github/egg-cnode/node_modules/egg-multipart/app/schedule/clean_tmpdir.js
2020-01-09 11:49:11,668 INFO 4101 [egg-schedule]: register schedule /Users/licaishi/Desktop/github/egg-cnode/node_modules/egg-logrotator/app/schedule/clean_log.js
2020-01-09 11:49:11,668 INFO 4101 [egg-schedule]: register schedule /Users/licaishi/Desktop/github/egg-cnode/node_modules/egg-logrotator/app/schedule/rotate_by_file.js
2020-01-09 11:49:12,822 INFO 4097 [Timer] /Users/licaishi/Desktop/github/egg-cnode/node_modules/egg-multipart/app/schedule/clean_tmpdir.js next time will execute after 60047183ms at 2020-01-10 04:30:00.005
2020-01-09 11:49:12,826 INFO 4097 [Timer] /Users/licaishi/Desktop/github/egg-cnode/node_modules/egg-logrotator/app/schedule/clean_log.js next time will execute after 43847174ms at 2020-01-10 00:00:00.000
2020-01-09 11:49:12,827 INFO 4097 [Timer] /Users/licaishi/Desktop/github/egg-cnode/node_modules/egg-logrotator/app/schedule/rotate_by_file.js next time will execute after 43848174ms at 2020-01-10 00:00:01.001
2020-01-09 11:51:29,254 INFO 4134 [egg-schedule]: register schedule /Users/licaishi/Desktop/github/egg-cnode/node_modules/egg-multipart/app/schedule/clean_tmpdir.js
2020-01-09 11:51:29,254 INFO 4134 [egg-schedule]: register schedule /Users/licaishi/Desktop/github/egg-cnode/node_modules/egg-logrotator/app/schedule/clean_log.js
2020-01-09 11:51:29,254 INFO 4134 [egg-schedule]: register schedule /Users/licaishi/Desktop/github/egg-cnode/node_modules/egg-logrotator/app/schedule/rotate_by_file.js
2020-01-09 11:51:35,299 INFO 4145 [egg-schedule]: register schedule /Users/licaishi/Desktop/github/egg-cnode/node_modules/egg-multipart/app/schedule/clean_tmpdir.js
2020-01-09 11:51:35,299 INFO 4145 [egg-schedule]: register schedule /Users/licaishi/Desktop/github/egg-cnode/node_modules/egg-logrotator/app/schedule/clean_log.js
2020-01-09 11:51:35,299 INFO 4145 [egg-schedule]: register schedule /Users/licaishi/Desktop/github/egg-cnode/node_modules/egg-logrotator/app/schedule/rotate_by_file.js
2020-01-09 13:51:02,361 INFO 5199 [egg-schedule]: register schedule /Users/licaishi/Desktop/github/egg-cnode/node_modules/egg-multipart/app/schedule/clean_tmpdir.js
2020-01-09 13:51:02,361 INFO 5199 [egg-schedule]: register schedule /Users/licaishi/Desktop/github/egg-cnode/node_modules/egg-logrotator/app/schedule/clean_log.js
2020-01-09 13:51:02,361 INFO 5199 [egg-schedule]: register schedule /Users/licaishi/Desktop/github/egg-cnode/node_modules/egg-logrotator/app/schedule/rotate_by_file.js
2020-01-09 13:51:03,747 INFO 5194 [Timer] /Users/licaishi/Desktop/github/egg-cnode/node_modules/egg-multipart/app/schedule/clean_tmpdir.js next time will execute after 52736257ms at 2020-01-10 04:30:00.004
2020-01-09 13:51:03,748 INFO 5194 [Timer] /Users/licaishi/Desktop/github/egg-cnode/node_modules/egg-logrotator/app/schedule/clean_log.js next time will execute after 36536252ms at 2020-01-10 00:00:00.000
2020-01-09 13:51:03,749 INFO 5194 [Timer] /Users/licaishi/Desktop/github/egg-cnode/node_modules/egg-logrotator/app/schedule/rotate_by_file.js next time will execute after 36537251ms at 2020-01-10 00:00:01.000
2020-01-09 15:40:13,146 INFO 6362 [egg-schedule]: register schedule /Users/licaishi/Desktop/github/egg-cnode/node_modules/egg-multipart/app/schedule/clean_tmpdir.js
2020-01-09 15:40:13,146 INFO 6362 [egg-schedule]: register schedule /Users/licaishi/Desktop/github/egg-cnode/node_modules/egg-logrotator/app/schedule/clean_log.js
2020-01-09 15:40:13,146 INFO 6362 [egg-schedule]: register schedule /Users/licaishi/Desktop/github/egg-cnode/node_modules/egg-logrotator/app/schedule/rotate_by_file.js
2020-01-09 15:40:14,611 INFO 6357 [Timer] /Users/licaishi/Desktop/github/egg-cnode/node_modules/egg-multipart/app/schedule/clean_tmpdir.js next time will execute after 46185396ms at 2020-01-10 04:30:00.006
2020-01-09 15:40:14,612 INFO 6357 [Timer] /Users/licaishi/Desktop/github/egg-cnode/node_modules/egg-logrotator/app/schedule/clean_log.js next time will execute after 29985389ms at 2020-01-10 00:00:00.001
2020-01-09 15:40:14,613 INFO 6357 [Timer] /Users/licaishi/Desktop/github/egg-cnode/node_modules/egg-logrotator/app/schedule/rotate_by_file.js next time will execute after 29986388ms at 2020-01-10 00:00:01.001
2020-01-09 15:40:33,329 INFO 6387 [egg-schedule]: register schedule /Users/licaishi/Desktop/github/egg-cnode/node_modules/egg-multipart/app/schedule/clean_tmpdir.js
2020-01-09 15:40:33,329 INFO 6387 [egg-schedule]: register schedule /Users/licaishi/Desktop/github/egg-cnode/node_modules/egg-logrotator/app/schedule/clean_log.js
2020-01-09 15:40:33,329 INFO 6387 [egg-schedule]: register schedule /Users/licaishi/Desktop/github/egg-cnode/node_modules/egg-logrotator/app/schedule/rotate_by_file.js
2020-01-09 15:51:09,674 INFO 7020 [egg-schedule]: register schedule /Users/licaishi/Desktop/github/58fe.com/node_modules/egg-multipart/app/schedule/clean_tmpdir.js
2020-01-09 15:51:09,674 INFO 7020 [egg-schedule]: register schedule /Users/licaishi/Desktop/github/58fe.com/node_modules/egg-logrotator/app/schedule/clean_log.js
2020-01-09 15:51:09,674 INFO 7020 [egg-schedule]: register schedule /Users/licaishi/Desktop/github/58fe.com/node_modules/egg-logrotator/app/schedule/rotate_by_file.js
2020-01-09 15:51:11,049 INFO 7016 [Timer] /Users/licaishi/Desktop/github/58fe.com/node_modules/egg-multipart/app/schedule/clean_tmpdir.js next time will execute after 45528957ms at 2020-01-10 04:30:00.005
2020-01-09 15:51:11,050 INFO 7016 [Timer] /Users/licaishi/Desktop/github/58fe.com/node_modules/egg-logrotator/app/schedule/clean_log.js next time will execute after 29328950ms at 2020-01-10 00:00:00.000
2020-01-09 15:51:11,052 INFO 7016 [Timer] /Users/licaishi/Desktop/github/58fe.com/node_modules/egg-logrotator/app/schedule/rotate_by_file.js next time will execute after 29329950ms at 2020-01-10 00:00:01.002
2020-01-09 15:56:58,181 INFO 7157 [egg-schedule]: register schedule /Users/licaishi/Desktop/github/58fe.com/node_modules/egg-multipart/app/schedule/clean_tmpdir.js
2020-01-09 15:56:58,181 INFO 7157 [egg-schedule]: register schedule /Users/licaishi/Desktop/github/58fe.com/node_modules/egg-logrotator/app/schedule/clean_log.js
2020-01-09 15:56:58,181 INFO 7157 [egg-schedule]: register schedule /Users/licaishi/Desktop/github/58fe.com/node_modules/egg-logrotator/app/schedule/rotate_by_file.js
2020-01-09 15:57:37,299 INFO 7184 [egg-schedule]: register schedule /Users/licaishi/Desktop/github/58fe.com/node_modules/egg-multipart/app/schedule/clean_tmpdir.js
2020-01-09 15:57:37,299 INFO 7184 [egg-schedule]: register schedule /Users/licaishi/Desktop/github/58fe.com/node_modules/egg-logrotator/app/schedule/clean_log.js
2020-01-09 15:57:37,299 INFO 7184 [egg-schedule]: register schedule /Users/licaishi/Desktop/github/58fe.com/node_modules/egg-logrotator/app/schedule/rotate_by_file.js
2020-01-09 15:57:39,815 INFO 7194 [egg-schedule]: register schedule /Users/licaishi/Desktop/github/58fe.com/node_modules/egg-multipart/app/schedule/clean_tmpdir.js
2020-01-09 15:57:39,815 INFO 7194 [egg-schedule]: register schedule /Users/licaishi/Desktop/github/58fe.com/node_modules/egg-logrotator/app/schedule/clean_log.js
2020-01-09 15:57:39,815 INFO 7194 [egg-schedule]: register schedule /Users/licaishi/Desktop/github/58fe.com/node_modules/egg-logrotator/app/schedule/rotate_by_file.js
2020-01-09 16:00:11,646 INFO 7286 [egg-schedule]: register schedule /Users/licaishi/Desktop/github/58fe.com/node_modules/egg-multipart/app/schedule/clean_tmpdir.js
2020-01-09 16:00:11,646 INFO 7286 [egg-schedule]: register schedule /Users/licaishi/Desktop/github/58fe.com/node_modules/egg-logrotator/app/schedule/clean_log.js
2020-01-09 16:00:11,646 INFO 7286 [egg-schedule]: register schedule /Users/licaishi/Desktop/github/58fe.com/node_modules/egg-logrotator/app/schedule/rotate_by_file.js
2020-01-09 16:00:19,739 INFO 7314 [egg-schedule]: register schedule /Users/licaishi/Desktop/github/58fe.com/node_modules/egg-multipart/app/schedule/clean_tmpdir.js
2020-01-09 16:00:19,739 INFO 7314 [egg-schedule]: register schedule /Users/licaishi/Desktop/github/58fe.com/node_modules/egg-logrotator/app/schedule/clean_log.js
2020-01-09 16:00:19,739 INFO 7314 [egg-schedule]: register schedule /Users/licaishi/Desktop/github/58fe.com/node_modules/egg-logrotator/app/schedule/rotate_by_file.js
2020-01-09 16:00:20,954 INFO 7310 [Timer] /Users/licaishi/Desktop/github/58fe.com/node_modules/egg-multipart/app/schedule/clean_tmpdir.js next time will execute after 44979052ms at 2020-01-10 04:30:00.006
2020-01-09 16:00:20,955 INFO 7310 [Timer] /Users/licaishi/Desktop/github/58fe.com/node_modules/egg-logrotator/app/schedule/clean_log.js next time will execute after 28779045ms at 2020-01-10 00:00:00.000
2020-01-09 16:00:20,956 INFO 7310 [Timer] /Users/licaishi/Desktop/github/58fe.com/node_modules/egg-logrotator/app/schedule/rotate_by_file.js next time will execute after 28780045ms at 2020-01-10 00:00:01.001
2020-01-09 16:01:13,695 INFO 7339 [egg-schedule]: register schedule /Users/licaishi/Desktop/github/58fe.com/node_modules/egg-multipart/app/schedule/clean_tmpdir.js
2020-01-09 16:01:13,695 INFO 7339 [egg-schedule]: register schedule /Users/licaishi/Desktop/github/58fe.com/node_modules/egg-logrotator/app/schedule/clean_log.js
2020-01-09 16:01:13,695 INFO 7339 [egg-schedule]: register schedule /Users/licaishi/Desktop/github/58fe.com/node_modules/egg-logrotator/app/schedule/rotate_by_file.js
2020-01-09 16:01:40,489 INFO 7377 [egg-schedule]: register schedule /Users/licaishi/Desktop/github/58fe.com/node_modules/egg-multipart/app/schedule/clean_tmpdir.js
2020-01-09 16:01:40,489 INFO 7377 [egg-schedule]: register schedule /Users/licaishi/Desktop/github/58fe.com/node_modules/egg-logrotator/app/schedule/clean_log.js
2020-01-09 16:01:40,489 INFO 7377 [egg-schedule]: register schedule /Users/licaishi/Desktop/github/58fe.com/node_modules/egg-logrotator/app/schedule/rotate_by_file.js
2020-01-09 16:02:21,742 INFO 7404 [egg-schedule]: register schedule /Users/licaishi/Desktop/github/58fe.com/node_modules/egg-multipart/app/schedule/clean_tmpdir.js
2020-01-09 16:02:21,742 INFO 7404 [egg-schedule]: register schedule /Users/licaishi/Desktop/github/58fe.com/node_modules/egg-logrotator/app/schedule/clean_log.js
2020-01-09 16:02:21,742 INFO 7404 [egg-schedule]: register schedule /Users/licaishi/Desktop/github/58fe.com/node_modules/egg-logrotator/app/schedule/rotate_by_file.js
2020-01-09 16:03:49,219 INFO 7434 [egg-schedule]: register schedule /Users/licaishi/Desktop/github/58fe.com/node_modules/egg-multipart/app/schedule/clean_tmpdir.js
2020-01-09 16:03:49,219 INFO 7434 [egg-schedule]: register schedule /Users/licaishi/Desktop/github/58fe.com/node_modules/egg-logrotator/app/schedule/clean_log.js
2020-01-09 16:03:49,219 INFO 7434 [egg-schedule]: register schedule /Users/licaishi/Desktop/github/58fe.com/node_modules/egg-logrotator/app/schedule/rotate_by_file.js
2020-01-09 16:13:42,880 INFO 7614 [egg-schedule]: register schedule /Users/licaishi/Desktop/github/58fe.com/node_modules/egg-multipart/app/schedule/clean_tmpdir.js
2020-01-09 16:13:42,880 INFO 7614 [egg-schedule]: register schedule /Users/licaishi/Desktop/github/58fe.com/node_modules/egg-logrotator/app/schedule/clean_log.js
2020-01-09 16:13:42,880 INFO 7614 [egg-schedule]: register schedule /Users/licaishi/Desktop/github/58fe.com/node_modules/egg-logrotator/app/schedule/rotate_by_file.js
2020-01-09 16:14:59,466 INFO 7676 [egg-schedule]: register schedule /Users/licaishi/Desktop/github/58fe.com/node_modules/egg-multipart/app/schedule/clean_tmpdir.js
2020-01-09 16:14:59,466 INFO 7676 [egg-schedule]: register schedule /Users/licaishi/Desktop/github/58fe.com/node_modules/egg-logrotator/app/schedule/clean_log.js
2020-01-09 16:14:59,466 INFO 7676 [egg-schedule]: register schedule /Users/licaishi/Desktop/github/58fe.com/node_modules/egg-logrotator/app/schedule/rotate_by_file.js
